**********************
Windows PowerShell transcript start
Start time: 20211103114436
Username: WS2K19-SRV01\Administrator
RunAs User: WS2K19-SRV01\Administrator
Configuration Name: 
Machine: WS2K19-SRV01 (Microsoft Windows NT 10.0.17763.0)
Host Application: C:\Windows\System32\WindowsPowerShell\v1.0\powershell.exe -Command if((Get-ExecutionPolicy ) -ne 'AllSigned') { Set-ExecutionPolicy -Scope Process Bypass }; & 'C:\Users\Administrator\Desktop\Bulk User create\Bulkuser_create.ps1'
Process ID: 868
PSVersion: 5.1.17763.2183
PSEdition: Desktop
PSCompatibleVersions: 1.0, 2.0, 3.0, 4.0, 5.0, 5.1.17763.2183
BuildVersion: 10.0.17763.2183
CLRVersion: 4.0.30319.42000
WSManStackVersion: 3.0
PSRemotingProtocolVersion: 2.3
SerializationVersion: 1.1.0.1
**********************
Transcript started, output file is C:\Users\Administrator\Desktop\Bulk User create\Logs\Bulkuser_create_20211103_114436.log
User account abc_jsmith has been created!
User account abc_jsmith has been added to Tech_Users
WARNING: A user account with username abc_jsmith already exist in Active Directory.
WARNING: A user account with username abc_jsmith already exist in Active Directory.
WARNING: A user account with username abc_jsmith already exist in Active Directory.
User account abc_brobertson has been created!
User account abc_brobertson has been added to Tech_Admin
User account abc_pcampbell has been created!
User account abc_pcampbell has been added to Tech_Dev
User account abc_joneil has been created!
User account abc_joneil has been added to Tech_Users
User account abc_josullivan has been created!
User account abc_josullivan has been added to Tech_Admin
User account abc_mmacdonald has been created!
User account abc_mmacdonald has been added to Tech_Users
User account abc_lscott has been created!
User account abc_lscott has been added to Tech_Users
User account abc_jreid has been created!
User account abc_jreid has been added to Tech_Users
User account abc_mmurray has been created!
User account abc_mmurray has been added to Tech_Admin
User account abc_staylor has been created!
User account abc_staylor has been added to Tech_Users
User account abc_aclark has been created!
User account abc_aclark has been added to Tech_Dev
User account abc_fmitchell has been created!
User account abc_fmitchell has been added to Tech_Users
User account abc_cross has been created!
User account abc_cross has been added to Tech_Users
User account abc_cwalker has been created!
User account abc_cwalker has been added to Tech_Users
User account abc_cpaterson has been created!
User account abc_cpaterson has been added to HR_Users
User account abc_dkerr has been created!
User account abc_dkerr has been added to HR_Users
User account abc_dduncan has been created!
User account abc_dduncan has been added to HR_Users
User account abc_dhunter has been created!
User account abc_dhunter has been added to HR_Users
User account abc_fbell has been created!
User account abc_fbell has been added to HR_Users
User account abc_ggrant has been created!
User account abc_ggrant has been added to HR_Users
User account abc_ggibson has been created!
User account abc_ggibson has been added to HR_Users
User account abc_hgordon has been created!
User account abc_hgordon has been added to HR_Users
User account abc_iwallace has been created!
User account abc_iwallace has been added to Tech_Users
User account abc_kreilly has been created!
User account abc_kreilly has been added to Tech_Users
User account abc_lmcintyre has been created!
User account abc_lmcintyre has been added to Tech_Users
User account abc_ochristie has been created!
User account abc_ochristie has been added to Tech_Users
User account abc_omoore has been created!
User account abc_omoore has been added to Tech_Dev
User account abc_qshaw has been created!
User account abc_qshaw has been added to Tech_Users
User account abc_rboyle has been created!
User account abc_rboyle has been added to Tech_Users
User account abc_smckay has been created!
User account abc_smckay has been added to HR_Users
User account abc_tstevenson has been created!
User account abc_tstevenson has been added to HR_Users
User account abc_uward has been created!
User account abc_uward has been added to HR_Users
User account abc_vsmith has been created!
User account abc_vsmith has been added to HR_Users
User account abc_wwatt has been created!
User account abc_wwatt has been added to HR_Users
User account abc_xmunro has been created!
User account abc_xmunro has been added to HR_Users
User account abc_yturtle has been created!
User account abc_yturtle has been added to HR_Users
User account abc_zhughes has been created!
User account abc_zhughes has been added to HR_Users
End
**********************
Windows PowerShell transcript end
End time: 20211103114439
**********************
